0 verbose cli /usr/local/bin/node /usr/local/bin/npm
1 info using npm@8.19.2
2 info using node@v17.9.1
3 timing npm:load:whichnode Completed in 0ms
4 timing config:load:defaults Completed in 1ms
5 timing config:load:file:/usr/local/lib/node_modules/npm/npmrc Completed in 1ms
6 timing config:load:builtin Completed in 1ms
7 timing config:load:cli Completed in 1ms
8 timing config:load:env Completed in 1ms
9 timing config:load:project Completed in 21ms
10 timing config:load:file:/home/container/.npmrc Completed in 0ms
11 timing config:load:user Completed in 0ms
12 timing config:load:file:/usr/local/etc/npmrc Completed in 0ms
13 timing config:load:global Completed in 0ms
14 timing config:load:validate Completed in 0ms
15 timing config:load:credentials Completed in 1ms
16 timing config:load:setEnvs Completed in 0ms
17 timing config:load Completed in 27ms
18 timing npm:load:configload Completed in 28ms
19 timing npm:load:mkdirpcache Completed in 0ms
20 timing npm:load:mkdirplogs Completed in 0ms
21 verbose title npm install
22 verbose argv "install"
23 timing npm:load:setTitle Completed in 1ms
24 timing config:load:flatten Completed in 2ms
25 timing npm:load:display Completed in 4ms
26 verbose logfile logs-max:10 dir:/home/container/.npm/_logs
27 verbose logfile /home/container/.npm/_logs/2022-10-19T21_17_05_187Z-debug-0.log
28 timing npm:load:logFile Completed in 4ms
29 timing npm:load:timers Completed in 0ms
30 timing npm:load:configScope Completed in 0ms
31 timing npm:load Completed in 38ms
32 timing arborist:ctor Completed in 0ms
33 silly logfile done cleaning log files
34 timing idealTree:init Completed in 87ms
35 timing idealTree:userRequests Completed in 0ms
36 silly idealTree buildDeps
37 timing idealTree:#root Completed in 0ms
38 timing idealTree:buildDeps Completed in 1ms
39 timing idealTree:fixDepFlags Completed in 0ms
40 timing idealTree Completed in 92ms
41 verbose shrinkwrap failed to load node_modules/.package-lock.json out of date, updated: node_modules
42 timing reify:loadTrees Completed in 196ms
43 timing reify:diffTrees Completed in 5ms
44 silly reify moves {}
45 timing reify:retireShallow Completed in 1ms
46 timing reify:createSparse Completed in 0ms
47 timing reify:loadBundles Completed in 0ms
48 silly audit bulk request {
48 silly audit   '@discordjs/builders': [ '0.16.0' ],
48 silly audit   'discord-api-types': [ '0.36.3', '0.33.5' ],
48 silly audit   '@discordjs/collection': [ '0.7.0' ],
48 silly audit   '@sapphire/async-queue': [ '1.5.0' ],
48 silly audit   '@sapphire/shapeshift': [ '3.7.0' ],
48 silly audit   '@types/node': [ '18.11.2' ],
48 silly audit   '@types/node-fetch': [ '2.6.2' ],
48 silly audit   'form-data': [ '3.0.1', '4.0.0', '2.3.3' ],
48 silly audit   '@types/webidl-conversions': [ '7.0.0' ],
48 silly audit   '@types/whatwg-url': [ '8.2.2' ],
48 silly audit   '@types/ws': [ '8.5.3' ],
48 silly audit   ajv: [ '6.12.6' ],
48 silly audit   asn1: [ '0.2.6' ],
48 silly audit   'assert-plus': [ '1.0.0' ],
48 silly audit   asynckit: [ '0.4.0' ],
48 silly audit   'aws-sign2': [ '0.7.0' ],
48 silly audit   aws4: [ '1.11.0' ],
48 silly audit   'base64-js': [ '1.5.1' ],
48 silly audit   'bcrypt-pbkdf': [ '1.0.2' ],
48 silly audit   bluebird: [ '3.4.7' ],
48 silly audit   bson: [ '4.7.0' ],
48 silly audit   buffer: [ '5.7.1' ],
48 silly audit   'capture-stack-trace': [ '1.0.2' ],
48 silly audit   caseless: [ '0.12.0' ],
48 silly audit   'combined-stream': [ '1.0.8' ],
48 silly audit   'core-util-is': [ '1.0.3', '1.0.2' ],
48 silly audit   'create-error-class': [ '3.0.2' ],
48 silly audit   dashdash: [ '1.14.1' ],
48 silly audit   debug: [ '4.3.4' ],
48 silly audit   ms: [ '2.1.2', '2.1.3' ],
48 silly audit   'delayed-stream': [ '1.0.0' ],
48 silly audit   denque: [ '2.1.0' ],
48 silly audit   'discord.js': [ '13.12.0' ],
48 silly audit   duplexer2: [ '0.1.4' ],
48 silly audit   'ecc-jsbn': [ '0.1.2' ],
48 silly audit   'end-of-stream': [ '1.4.4' ],
48 silly audit   'error-ex': [ '1.3.2' ],
48 silly audit   extend: [ '3.0.2' ],
48 silly audit   extsprintf: [ '1.3.0' ],
48 silly audit   'fast-deep-equal': [ '3.1.3' ],
48 silly audit   'fast-json-stable-stringify': [ '2.1.0' ],
48 silly audit   'forever-agent': [ '0.6.1' ],
48 silly audit   fs: [ '0.0.1-security' ],
48 silly audit   'get-stream': [ '5.2.0' ],
48 silly audit   getpass: [ '0.1.7' ],
48 silly audit   got: [ '5.6.0' ],
48 silly audit   'har-schema': [ '2.0.0' ],
48 silly audit   'har-validator': [ '5.1.5' ],
48 silly audit   hastebin: [ '0.2.1' ],
48 silly audit   'hastebin-gen': [ '2.0.5' ],
48 silly audit   'http-signature': [ '1.2.0' ],
48 silly audit   ieee754: [ '1.2.1' ],
48 silly audit   inherits: [ '2.0.4' ],
48 silly audit   ip: [ '2.0.0' ],
48 silly audit   'is-arrayish': [ '0.2.1' ],
48 silly audit   'is-plain-obj': [ '1.1.0' ],
48 silly audit   'is-redirect': [ '1.0.0' ],
48 silly audit   'is-retry-allowed': [ '1.2.0' ],
48 silly audit   'is-stream': [ '1.1.0' ],
48 silly audit   'is-typedarray': [ '1.0.0' ],
48 silly audit   isarray: [ '1.0.0' ],
48 silly audit   isstream: [ '0.1.2' ],
48 silly audit   jsbn: [ '0.1.1' ],
48 silly audit   'json-schema': [ '0.4.0' ],
48 silly audit   'json-schema-traverse': [ '0.4.1' ],
48 silly audit   'json-stringify-safe': [ '5.0.1' ],
48 silly audit   jsprim: [ '1.4.2' ],
48 silly audit   kareem: [ '2.4.1' ],
48 silly audit   'lodash.assign': [ '4.2.0' ],
48 silly audit   'lodash.clonedeep': [ '4.5.0' ],
48 silly audit   'lodash.uniqwith': [ '4.5.0' ],
48 silly audit   'lowercase-keys': [ '1.0.1' ],
48 silly audit   'lru-cache': [ '4.1.5' ],
48 silly audit   'memory-pager': [ '1.5.0' ],
48 silly audit   mercadopago: [ '1.5.14' ],
48 silly audit   'mime-db': [ '1.52.0' ],
48 silly audit   'mime-types': [ '2.1.35' ],
48 silly audit   moment: [ '2.29.4' ],
48 silly audit   mongodb: [ '4.9.1' ],
48 silly audit   'mongodb-connection-string-url': [ '2.5.4' ],
48 silly audit   mongoose: [ '6.6.5' ],
48 silly audit   mpath: [ '0.9.0' ],
48 silly audit   mquery: [ '4.0.3' ],
48 silly audit   'node-fetch': [ '2.6.7' ],
48 silly audit   tr46: [ '0.0.3', '3.0.0' ],
48 silly audit   'webidl-conversions': [ '3.0.1', '7.0.0' ],
48 silly audit   'whatwg-url': [ '5.0.0', '11.0.0' ],
48 silly audit   'node-status-codes': [ '1.0.0' ],
48 silly audit   'oauth-sign': [ '0.9.0' ],
48 silly audit   'object-assign': [ '4.1.1' ],
48 silly audit   once: [ '1.4.0' ],
48 silly audit   'parse-json': [ '2.2.0' ],
48 silly audit   'performance-now': [ '2.1.0' ],
48 silly audit   pinkie: [ '2.0.4' ],
48 silly audit   'pinkie-promise': [ '2.0.1' ],
48 silly audit   'prepend-http': [ '1.0.4' ],
48 silly audit   'process-nextick-args': [ '2.0.1' ],
48 silly audit   pseudomap: [ '1.0.2' ],
48 silly audit   psl: [ '1.9.0' ],
48 silly audit   pump: [ '3.0.0' ],
48 silly audit   punycode: [ '2.1.1' ],
48 silly audit   qs: [ '6.5.3' ],
48 silly audit   'read-all-stream': [ '3.1.0' ],
48 silly audit   'readable-stream': [ '2.3.7' ],
48 silly audit   request: [ '2.88.2' ],
48 silly audit   'request-etag': [ '2.0.3' ],
48 silly audit   uuid: [ '3.4.0', '3.0.1' ],
48 silly audit   'safe-buffer': [ '5.1.2' ],
48 silly audit   'safer-buffer': [ '2.1.2' ],
48 silly audit   saslprep: [ '1.0.3' ],
48 silly audit   sift: [ '16.0.0' ],
48 silly audit   'smart-buffer': [ '4.2.0' ],
48 silly audit   socks: [ '2.7.1' ],
48 silly audit   'sparse-bitfield': [ '3.0.3' ],
48 silly audit   sshpk: [ '1.17.0' ],
48 silly audit   string_decoder: [ '1.1.1' ],
48 silly audit   'timed-out': [ '2.0.0' ],
48 silly audit   'tough-cookie': [ '2.5.0' ],
48 silly audit   'ts-mixer': [ '6.0.1' ],
48 silly audit   tslib: [ '2.4.0' ],
48 silly audit   'tunnel-agent': [ '0.6.0' ],
48 silly audit   tweetnacl: [ '0.14.5' ],
48 silly audit   'unzip-response': [ '1.0.2' ],
48 silly audit   'uri-js': [ '4.4.1' ],
48 silly audit   'url-parse-lax': [ '1.0.0' ],
48 silly audit   'util-deprecate': [ '1.0.2' ],
48 silly audit   verror: [ '1.10.0' ],
48 silly audit   wrappy: [ '1.0.2' ],
48 silly audit   ws: [ '8.9.0' ],
48 silly audit   yallist: [ '2.1.2' ],
48 silly audit   yargs: [ '1.3.2' ]
48 silly audit }
49 timing reify:unpack Completed in 1ms
50 timing reify:unretire Completed in 0ms
51 timing build:queue Completed in 0ms
52 timing build:deps Completed in 1ms
53 timing build Completed in 1ms
54 timing reify:build Completed in 1ms
55 timing reify:trash Completed in 0ms
56 timing reify:save Completed in 55ms
57 http fetch GET 200 https://registry.npmjs.org/npm 433ms (cache miss)
58 http fetch POST 200 https://registry.npmjs.org/-/npm/v1/security/advisories/bulk 398ms
59 timing auditReport:getReport Completed in 403ms
60 silly audit report {
60 silly audit report   got: [
60 silly audit report     {
60 silly audit report       id: 1080920,
60 silly audit report       url: 'https://github.com/advisories/GHSA-pfrx-2q88-qq97',
60 silly audit report       title: 'Got allows a redirect to a UNIX socket',
60 silly audit report       severity: 'moderate',
60 silly audit report       vulnerable_versions: '<11.8.5',
60 silly audit report       cwe: [],
60 silly audit report       cvss: [Object]
60 silly audit report     }
60 silly audit report   ]
60 silly audit report }
61 timing metavuln:cache:get:security-advisory:got:VDAqdWeBprXIM3ID/tj0yOqinr2LIY3dglkA/C/aM/Y9MNOK816kL4DQvwHiY6OuV+J0HRHAYvZDHl0QaZw/Og== Completed in 2ms
62 http fetch GET 200 https://registry.npmjs.org/got 72ms (cache miss)
63 timing metavuln:packument:got Completed in 75ms
64 timing metavuln:load:security-advisory:got:1080920 Completed in 8ms
65 timing metavuln:cache:put:security-advisory:got:VDAqdWeBprXIM3ID/tj0yOqinr2LIY3dglkA/C/aM/Y9MNOK816kL4DQvwHiY6OuV+J0HRHAYvZDHl0QaZw/Og== Completed in 14ms
66 timing metavuln:calculate:security-advisory:got:1080920 Completed in 98ms
67 timing metavuln:cache:get:security-advisory:hastebin:hKguehnvx8whOQkAduFY7LdNBCXNUCK3ibzcWKnDaSDbDe/c1JGUetikghhpYlp/eJclFVGm0vqwz32d67aZzw== Completed in 1ms
68 http fetch GET 200 https://registry.npmjs.org/hastebin 293ms (cache miss)
69 timing metavuln:packument:hastebin Completed in 293ms
70 timing metavuln:load:security-advisory:hastebin:VDAqdWeBprXIM3ID/tj0yOqinr2LIY3dglkA/C/aM/Y9MNOK816kL4DQvwHiY6OuV+J0HRHAYvZDHl0QaZw/Og== Completed in 2ms
71 timing metavuln:cache:put:security-advisory:hastebin:hKguehnvx8whOQkAduFY7LdNBCXNUCK3ibzcWKnDaSDbDe/c1JGUetikghhpYlp/eJclFVGm0vqwz32d67aZzw== Completed in 2ms
72 timing metavuln:calculate:security-advisory:hastebin:VDAqdWeBprXIM3ID/tj0yOqinr2LIY3dglkA/C/aM/Y9MNOK816kL4DQvwHiY6OuV+J0HRHAYvZDHl0QaZw/Og== Completed in 298ms
73 timing auditReport:init Completed in 399ms
74 timing reify:audit Completed in 803ms
75 timing reify Completed in 1073ms
76 timing command:install Completed in 1083ms
77 verbose exit 0
78 timing npm Completed in 1207ms
79 info ok
